Apr 24 18:33 : update: added R.Roo - Broken Time (2011)/08. laugh in her broken eyes.mp3
Apr 24 18:33 : update: added R.Roo - Broken Time (2011)/11. I think, therefore I am.mp3
Apr 24 18:33 : update: added R.Roo - Broken Time (2011)/14. we play the search. you understand me.mp3
Apr 24 18:33 : update: added R.Roo - Broken Time (2011)/16. outr.roo.mp3
Apr 24 18:33 : update: added R.Roo - Broken Time (2011)/02. drain myself.mp3
Apr 24 18:33 : update: added R.Roo - Broken Time (2011)/07. sagte er, es war, als sollte die scham ihn uberleben..mp3
Apr 24 18:33 : update: added R.Roo - Broken Time (2011)/09. b-movie (instrumental).mp3
Apr 24 18:33 : update: added R.Roo - Broken Time (2011)/12. fireflies.mp3
Apr 24 18:33 : update: added R.Roo - Broken Time (2011)/15. her movie (Cloud Roots remix).mp3
Apr 24 18:33 : update: added R.Roo - Broken Time (2011)/05. her movie.mp3
Apr 24 18:33 : update: added R.Roo - Broken Time (2011)/04. he swallowed rays of the sun.mp3
Apr 24 18:33 : update: added R.Roo - Broken Time (2011)/01. intr.roo.mp3
Apr 24 18:33 : update: added R.Roo - Broken Time (2011)/10. my bridge is too small.mp3
Apr 24 18:33 : update: added R.Roo - Broken Time (2011)/13. laugh in her broken eyes (Tapage remix).mp3
Apr 24 18:33 : update: added R.Roo - Broken Time (2011)/03. a broken clock.mp3
Apr 24 18:33 : update: added R.Roo - Broken Time (2011)/06. my rue.mp3
Apr 24 18:33 : update: added r.roo - 2013, exist [320]/01. pustota.mp3
Apr 24 18:33 : update: added r.roo - 2013, exist [320]/18. after 22.mp3
Apr 24 18:33 : update: added r.roo - 2013, exist [320]/15. exist. part 2.mp3
Apr 24 18:33 : update: added r.roo - 2013, exist [320]/10. I am you.mp3
Apr 24 18:33 : update: added r.roo - 2013, exist [320]/19. when I feel your presence (with Erissoma).mp3
Apr 24 18:33 : update: added r.roo - 2013, exist [320]/04. source of evening impermanence.mp3
Apr 24 18:33 : update: added r.roo - 2013, exist [320]/09. until.mp3
Apr 24 18:33 : update: added r.roo - 2013, exist [320]/13. the man of the crowd.mp3
Apr 24 18:33 : update: added r.roo - 2013, exist [320]/16. don’t forget to breathe.mp3
Apr 24 18:33 : update: added r.roo - 2013, exist [320]/03. Schutz 1648.mp3
Apr 24 18:33 : update: added r.roo - 2013, exist [320]/08. exist. part 1.mp3
Apr 24 18:33 : update: added r.roo - 2013, exist [320]/05. empty dreams.mp3
Apr 24 18:33 : update: added r.roo - 2013, exist [320]/07. ne nado, ne trogaite menya.mp3
Apr 24 18:33 : update: added r.roo - 2013, exist [320]/17. r-room #3.mp3
Apr 24 18:33 : update: added r.roo - 2013, exist [320]/11. source of night impermanence.mp3
Apr 24 18:33 : update: added r.roo - 2013, exist [320]/12. time after time. item after item..mp3
Apr 24 18:33 : update: added r.roo - 2013, exist [320]/06. fatale (with SiJ).mp3
Apr 24 18:33 : update: added r.roo - 2013, exist [320]/02. strange. today. again.mp3
Apr 24 18:33 : update: added r.roo - 2013, exist [320]/14. harbor (with EyeScream).mp3
Apr 24 18:33 : update: added Zola Jesus/Appears On/2009 - Absinthe Minds - The Song Of Returning Light/A3 Untitled (Voice - Zola Jesus).mp3
Apr 24 18:33 : update: added Zola Jesus/!Releases/2008 - Soeur Sewer 7'' [Sacred Bones]/Side A - Soeur Sewer.mp3
Apr 24 18:33 : update: added Zola Jesus/!Releases/2008 - Soeur Sewer 7'' [Sacred Bones]/Side B - Odessa.mp3
Apr 24 18:33 : update: added Zola Jesus/!Releases/2009 - Split with Burial Hex/A1 Burial Hex - Go crystal tears.mp3
Apr 24 18:33 : update: added Zola Jesus/!Releases/2009 - Split with Burial Hex/A2  Burial Hex - Temple of the flood.mp3
Apr 24 18:33 : update: added Zola Jesus/!Releases/2009 - Split with Burial Hex/B1. Zola Jesus - Julius & Ethel.mp3
Apr 24 18:33 : update: added Zola Jesus/!Releases/2010 - Poor animal EP 7''/02 - i can't stand.mp3
Apr 24 18:33 : update: added Zola Jesus/!Releases/2010 - Poor animal EP 7''/01 - poor animal.mp3
Apr 24 18:33 : update: added Zola Jesus/!Releases/2010 - Valusia EP/04 Lightsick.mp3
Apr 24 18:33 : update: added Zola Jesus/!Releases/2010 - Valusia EP/03 Sea Talk.mp3
Apr 24 18:33 : update: added Zola Jesus/!Releases/2010 - Valusia EP/02 Tower.mp3
Apr 24 18:33 : update: added Zola Jesus/!Releases/2010 - Valusia EP/01 Poor Animal.mp3
Apr 24 18:33 : update: added Zola Jesus/!Releases/2010 - Stridulum EP/04 Stridulum.mp3
Apr 24 18:33 : update: added Zola Jesus/!Releases/2010 - Stridulum EP/02 Trust Me.mp3
Apr 24 18:33 : update: added Zola Jesus/!Releases/2010 - Stridulum EP/05 Run Me Out.mp3
Apr 24 18:33 : update: added Zola Jesus/!Releases/2010 - Stridulum EP/03 I Can't Stand.mp3
Apr 24 18:33 : update: added Zola Jesus/!Releases/2010 - Stridulum EP/01 Night.mp3
Apr 24 18:33 : update: added Zola Jesus/!Releases/2010 - Stridulum EP/06 Manifest Destiny.mp3
Apr 24 18:33 : update: added Zola Jesus/!Releases/2011 - Conatus/01 Swords.mp3
Apr 24 18:33 : update: added Zola Jesus/!Releases/2011 - Conatus/04 Hikikomori.mp3
Apr 24 18:33 : update: added Zola Jesus/!Releases/2011 - Conatus/02 Avalanche.mp3
Apr 24 18:33 : update: added Zola Jesus/!Releases/2011 - Conatus/11 Collapse.mp3
Apr 24 18:33 : update: added Zola Jesus/!Releases/2011 - Conatus/08 Lick The Palm Of The Burning Handshake.mp3
Apr 24 18:33 : update: added Zola Jesus/!Releases/2011 - Conatus/03 Vessel.mp3
Apr 24 18:33 : update: added Zola Jesus/!Releases/2011 - Conatus/10 Skin.mp3
Apr 24 18:33 : update: added Zola Jesus/!Releases/2011 - Conatus/05 Ixode.mp3
Apr 24 18:33 : update: added Zola Jesus/!Releases/2011 - Conatus/06 Seekir.mp3
Apr 24 18:33 : update: added Zola Jesus/!Releases/2011 - Conatus/07 In Your Nature.mp3
Apr 24 18:33 : update: added Zola Jesus/!Releases/2011 - Conatus/09 Shivers.mp3
Apr 24 18:33 : update: added Zola Jesus/!Releases/2009 - Tsar Bomba EP/A2 Last Day.mp3
Apr 24 18:33 : update: added Zola Jesus/!Releases/2009 - Tsar Bomba EP/A1 Said The White Rabbit.mp3
Apr 24 18:33 : update: added Zola Jesus/!Releases/2009 - Tsar Bomba EP/A3 Rester.mp3
Apr 24 18:33 : update: added Zola Jesus/!Releases/2009 - Tsar Bomba EP/B2 Sea Talk.mp3
Apr 24 18:33 : update: added Zola Jesus/!Releases/2009 - Tsar Bomba EP/B1 Th'aria.mp3
Apr 24 18:33 : update: added Zola Jesus/!Releases/2009 - Tsar Bomba EP/B4 Past The Blue Brick Stone.mp3
Apr 24 18:33 : update: added Zola Jesus/!Releases/2009 - Tsar Bomba EP/B3 Flesh.mp3
Apr 24 18:33 : update: added Zola Jesus/!Releases/2009 - New Amsterdam [Sacred Bones]/06. Lady Maslenitsa.mp3
Apr 24 18:33 : update: added Zola Jesus/!Releases/2009 - New Amsterdam [Sacred Bones]/01. Odessa.mp3
Apr 24 18:33 : update: added Zola Jesus/!Releases/2009 - New Amsterdam [Sacred Bones]/10. Lady In The Radiator.mp3
Apr 24 18:33 : update: added Zola Jesus/!Releases/2009 - New Amsterdam [Sacred Bones]/07. Nativity.mp3
Apr 24 18:33 : update: added Zola Jesus/!Releases/2009 - New Amsterdam [Sacred Bones]/02. Dog.mp3
Apr 24 18:33 : update: added Zola Jesus/!Releases/2009 - New Amsterdam [Sacred Bones]/08. Little Girl.mp3
Apr 24 18:33 : update: added Zola Jesus/!Releases/2009 - New Amsterdam [Sacred Bones]/04. Last Day.mp3
Apr 24 18:33 : update: added Zola Jesus/!Releases/2009 - New Amsterdam [Sacred Bones]/09. Be Your Virgin.mp3
Apr 24 18:33 : update: added Zola Jesus/!Releases/2009 - New Amsterdam [Sacred Bones]/05. New Amsterdam.mp3
Apr 24 18:33 : update: added Zola Jesus/!Releases/2009 - New Amsterdam [Sacred Bones]/03. Orthodox.mp3
Apr 24 18:33 : update: added Zola Jesus/!Releases/2008 - Poor Sons EP 7''/A1 Poor Sons.mp3
Apr 24 18:33 : update: added Zola Jesus/!Releases/2008 - Poor Sons EP 7''/A2 The Way.mp3
Apr 24 18:33 : update: added Zola Jesus/!Releases/2008 - Poor Sons EP 7''/B Dog.mp3
Apr 24 18:33 : update: added Zola Jesus/!Releases/2010 - Stridulum II/04 Stridulum.mp3
Apr 24 18:33 : update: added Zola Jesus/!Releases/2010 - Stridulum II/08 Sea Talk.mp3
Apr 24 18:33 : update: added Zola Jesus/!Releases/2010 - Stridulum II/09 Lightsick.mp3
Apr 24 18:33 : update: added Zola Jesus/!Releases/2010 - Stridulum II/02 Trust Me.mp3
Apr 24 18:33 : update: added Zola Jesus/!Releases/2010 - Stridulum II/05 Run Me Out.mp3
Apr 24 18:33 : update: added Zola Jesus/!Releases/2010 - Stridulum II/03 I Can't Stand.mp3
Apr 24 18:33 : update: added Zola Jesus/!Releases/2010 - Stridulum II/01 Night.mp3
Apr 24 18:33 : update: added Zola Jesus/!Releases/2010 - Stridulum II/07 Tower.mp3
Apr 24 18:33 : update: added Zola Jesus/!Releases/2010 - Stridulum II/06 Manifest Destiny.mp3
Apr 24 18:33 : update: added Zola Jesus/!Releases/2010 - LA Vampires and Zola Jesus - LA Vampires Meets Zola Jesus [Not Not Fun]/04 Vous.mp3
Apr 24 18:33 : update: added Zola Jesus/!Releases/2010 - LA Vampires and Zola Jesus - LA Vampires Meets Zola Jesus [Not Not Fun]/01 Bone is bloodstone.mp3
Apr 24 18:33 : update: added Zola Jesus/!Releases/2010 - LA Vampires and Zola Jesus - LA Vampires Meets Zola Jesus [Not Not Fun]/07 No no no.mp3
Apr 24 18:33 : update: added Zola Jesus/!Releases/2010 - LA Vampires and Zola Jesus - LA Vampires Meets Zola Jesus [Not Not Fun]/05 Looking in.mp3
Apr 24 18:33 : update: added Zola Jesus/!Releases/2010 - LA Vampires and Zola Jesus - LA Vampires Meets Zola Jesus [Not Not Fun]/03 Searching.mp3
Apr 24 18:33 : update: added Zola Jesus/!Releases/2010 - LA Vampires and Zola Jesus - LA Vampires Meets Zola Jesus [Not Not Fun]/06 Eulogy.mp3
Apr 24 18:33 : update: added Zola Jesus/!Releases/2010 - LA Vampires and Zola Jesus - LA Vampires Meets Zola Jesus [Not Not Fun]/02 In the desert.mp3
Apr 24 18:33 : update: added Zola Jesus/!Releases/2009 - The spoils [SBR-022CD]/02. Crowns.mp3
Apr 24 18:33 : update: added Zola Jesus/!Releases/2009 - The spoils [SBR-022CD]/03. Sinfonia And The Shrew.mp3
Apr 24 18:33 : update: added Zola Jesus/!Releases/2009 - The spoils [SBR-022CD]/07. Smirenye.mp3
Apr 24 18:33 : update: added Zola Jesus/!Releases/2009 - The spoils [SBR-022CD]/14. The Way.mp3
Apr 24 18:33 : update: added Zola Jesus/!Releases/2009 - The spoils [SBR-022CD]/09. In Hiding From The Crow.mp3
Apr 24 18:33 : update: added Zola Jesus/!Releases/2009 - The spoils [SBR-022CD]/10. Tell It To The Willow.mp3
Apr 24 18:33 : update: added Zola Jesus/!Releases/2009 - The spoils [SBR-022CD]/13. Poor Sons.mp3
Apr 24 18:33 : update: added Zola Jesus/!Releases/2009 - The spoils [SBR-022CD]/15. Dog.mp3
Apr 24 18:33 : update: added Zola Jesus/!Releases/2009 - The spoils [SBR-022CD]/01. Six Feet (From My Baby).mp3
Apr 24 18:33 : update: added Zola Jesus/!Releases/2009 - The spoils [SBR-022CD]/11. Soeur Sewer.mp3
Apr 24 18:33 : update: added Zola Jesus/!Releases/2009 - The spoils [SBR-022CD]/08. Clay Bodies.mp3
Apr 24 18:33 : update: added Zola Jesus/!Releases/2009 - The spoils [SBR-022CD]/12. Odessa.mp3
Apr 24 18:33 : update: added Zola Jesus/!Releases/2009 - The spoils [SBR-022CD]/04. Sink The Dynasty.mp3
Apr 24 18:33 : update: added Zola Jesus/!Releases/2009 - The spoils [SBR-022CD]/05. Devil Take You.mp3
Apr 24 18:33 : update: added Zola Jesus/!Releases/2009 - The spoils [SBR-022CD]/06. Lullaby In Tongues.mp3
Apr 24 18:33 : update: added Zola Jesus/Bonus/Prefuse 73 Zola Jesus Mix Pt 1.The Misanthrope Mediation.mp3
Apr 24 18:33 : update: added Zola Jesus/Bonus/2009 - Former Ghosts - Fleurs/12 This Is My Last Goodbye.mp3
Apr 24 18:33 : update: added Zola Jesus/Bonus/2009 - Former Ghosts - Fleurs/07 Dreams.mp3
Apr 24 18:33 : update: added Zola Jesus/Bonus/2009 - Former Ghosts - Fleurs/01 Us And Now.mp3
Apr 24 18:33 : update: added Zola Jesus/Bonus/2009 - Former Ghosts - Fleurs/11 Hello Again.mp3
Apr 24 18:33 : update: added Zola Jesus/Bonus/2009 - Former Ghosts - Fleurs/09 Flowers.mp3
Apr 24 18:33 : update: added Zola Jesus/Bonus/2009 - Former Ghosts - Fleurs/10 The Bull And The Ram.mp3
Apr 24 18:33 : update: added Zola Jesus/Bonus/2009 - Former Ghosts - Fleurs/06 I Wave.mp3
Apr 24 18:33 : update: added Zola Jesus/Bonus/2009 - Former Ghosts - Fleurs/08 Unfolding.mp3
Apr 24 18:33 : update: added Zola Jesus/Bonus/2009 - Former Ghosts - Fleurs/03 Mother.mp3
Apr 24 18:33 : update: added Zola Jesus/Bonus/2009 - Former Ghosts - Fleurs/05 In Earth's Palm.mp3
Apr 24 18:33 : update: added Zola Jesus/Bonus/2009 - Former Ghosts - Fleurs/04 Choices.mp3
Apr 24 18:33 : update: added Zola Jesus/Bonus/2009 - Former Ghosts - Fleurs/02 Hold On.mp3
Apr 24 18:33 : update: added Zola Jesus/Tracks Appear On/Various - My Estrogeneration/A1 Zola Jesus - Heaven Sold You Back to Earth.mp3
Apr 24 18:40 : player: played "Zola Jesus/Bonus/2009 - Former Ghosts - Fleurs/01 Us And Now.mp3"
